<?xml version="1.0" encoding="UTF-8"?>
<!-- Generated by org.testng.reporters.JUnitXMLReporter -->
<testsuite hostname="DESKTOP-QKIV3F6" ignored="0" name="TechAssignmentAPI" tests="3" failures="0" timestamp="03 Nov 2019 23:23:16 GMT" time="5.399" errors="0">
  <testcase name="validateDescription" time="1.108" classname="com.testcase.CategoryDetailsTestcase"/>
  <testcase name="validateListFlag" time="0.02" classname="com.testcase.CategoryDetailsTestcase"/>
  <testcase name="validateName" time="0.019" classname="com.testcase.CategoryDetailsTestcase"/>
</testsuite> <!-- TechAssignmentAPI -->
